<?xml version="1.0" encoding="UTF-8"?>
<testsuite name="Busqueda, agregado de productos y validar la suma total de los mismos" tests="1" skipped="0" failures="0" errors="0" timestamp="2024-11-28T02:12:41" hostname="PSOFKA0887" time="41.954">
  <properties/>
  <testcase name="Buscar y agregar productos a comprar" classname="Busqueda, agregado de productos y validar la suma total de los mismos" time="41.954"/>
  <system-out><![CDATA[
@AgregadoExitoso
Escenario: Buscar y agregar productos a comprar          ?[90m# src/test/resources/features/agregarProductos.feature:7?[0m
  ?[32mDado ?[0m?[32mque el usuario se encuentra logueado en la tienda?[0m ?[90m# co.com.demoblaze.stepsDefinitions.agregarProductos.AgregarProductosStepsDefinitions.que_el_usuario_se_encuentra_logueado_en_la_tienda()?[0m
  ?[32mCuando ?[0m?[32mselecciona y agrega los productos a comprar?[0m     ?[90m# co.com.demoblaze.stepsDefinitions.agregarProductos.AgregarProductosStepsDefinitions.selecciona_y_agrega_los_productos_a_comprar()?[0m
  ?[32mEntonces ?[0m?[32mel total del carrito debe coincidir?[0m           ?[90m# co.com.demoblaze.stepsDefinitions.agregarProductos.AgregarProductosStepsDefinitions.el_total_del_carrito_debe_coincidir()?[0m
]]></system-out>
  <system-err><![CDATA[[Test worker] INFO  - 
  _____   ___   ___   _____     ___   _____     _     ___   _____   ___   ___  
 |_   _| | __| / __| |_   _|   / __| |_   _|   /_\   | _ \ |_   _| | __| |   \ 
   | |   | _|  \__ \   | |     \__ \   | |    / _ \  |   /   | |   | _|  | |) |
   |_|   |___| |___/   |_|     |___/   |_|   /_/ \_\ |_|_\   |_|   |___| |___/ 

Buscar y agregar productos a comprar(busqueda--agregado-de-productos-y-validar-la-suma-total-de-los-mismos;buscar-y-agregar-productos-a-comprar)
--------------------------------------------------------------------------------
[Test worker] INFO  - ?[92m
  _____   ___   ___   _____     ___     _     ___   ___   ___   ___  
 |_   _| | __| / __| |_   _|   | _ \   /_\   / __| / __| | __| |   \ 
   | |   | _|  \__ \   | |     |  _/  / _ \  \__ \ \__ \ | _|  | |) |
   |_|   |___| |___/   |_|     |_|   /_/ \_\ |___/ |___/ |___| |___/ 

Buscar y agregar productos a comprar
----------------------------------------------------------------------?[0m
]]></system-err>
</testsuite>
