<?xml version="1.0" encoding="UTF-8"?>
<testsuite name="Registro en tienda virtual demoblaze" tests="1" skipped="0" failures="0" errors="0" timestamp="2024-11-27T16:22:37" hostname="PSOFKA0887" time="10.931">
  <properties/>
  <testcase name="Registro exitoso" classname="Registro en tienda virtual demoblaze" time="10.931"/>
  <system-out><![CDATA[
@RegistroExitoso
Escenario: Registro exitoso                         ?[90m# src/test/resources/features/registroExitoso.feature:7?[0m
SE ESTA UTILIZANDO ESTE DRIVER:   Mozilla/5.0 (Windows NT 10.0; Win64; x64; rv:133.0) Gecko/20100101 Firefox/133.0
  ?[32mDado ?[0m?[32mque el usuario se dirige al menu de registro?[0m ?[90m# co.com.demoblaze.stepsDefinitions.registroExitoso.registroStepsDefinitions.que_el_usuario_se_dirige_al_menu_de_registro()?[0m
  ?[32mCuando ?[0m?[32mingresa los datos correctamente?[0m            ?[90m# co.com.demoblaze.stepsDefinitions.registroExitoso.registroStepsDefinitions.ingresa_los_datos_correctamente()?[0m
  ?[32mEntonces ?[0m?[32mel registro debe permitirse exitosamente?[0m ?[90m# co.com.demoblaze.stepsDefinitions.registroExitoso.registroStepsDefinitions.el_registro_debe_permitirse_exitosamente()?[0m
]]></system-out>
  <system-err><![CDATA[[Test worker] WARN net.serenitybdd.core.webdriver.configuration.RestartBrowserForEach - Invalid value `TRUE` for restart.browser.for.each: should be one of [NEVER, FEATURE, STORY, SCENARIO, EXAMPLE]
[Test worker] INFO  - 
  _____   ___   ___   _____     ___   _____     _     ___   _____   ___   ___  
 |_   _| | __| / __| |_   _|   / __| |_   _|   /_\   | _ \ |_   _| | __| |   \ 
   | |   | _|  \__ \   | |     \__ \   | |    / _ \  |   /   | |   | _|  | |) |
   |_|   |___| |___/   |_|     |___/   |_|   /_/ \_\ |_|_\   |_|   |___| |___/ 

Registro exitoso(registro-en-tienda-virtual-demoblaze;registro-exitoso)
--------------------------------------------------------------------------------
[Test worker] INFO  - ?[92m
  _____   ___   ___   _____     ___     _     ___   ___   ___   ___  
 |_   _| | __| / __| |_   _|   | _ \   /_\   / __| / __| | __| |   \ 
   | |   | _|  \__ \   | |     |  _/  / _ \  \__ \ \__ \ | _|  | |) |
   |_|   |___| |___/   |_|     |_|   /_/ \_\ |___/ |___/ |___| |___/ 

Registro exitoso
----------------------------------------------------------------------?[0m
[Test worker] WARN net.serenitybdd.core.webdriver.configuration.RestartBrowserForEach - Invalid value `TRUE` for restart.browser.for.each: should be one of [NEVER, FEATURE, STORY, SCENARIO, EXAMPLE]
]]></system-err>
</testsuite>
