<?xml version="1.0" encoding="UTF-8"?>
<testsuite name="Login en la tienda viertual demoblaze" tests="1" skipped="0" failures="0" errors="0" timestamp="2024-11-27T17:28:27" hostname="PSOFKA0887" time="17.33">
  <properties/>
  <testcase name="Registro Exitoso" classname="Login en la tienda viertual demoblaze" time="17.33"/>
  <system-out><![CDATA[
@LoginExitoso
Escenario: Registro Exitoso                         ?[90m# src/test/resources/features/login.feature:7?[0m
SE ESTA UTILIZANDO ESTE DRIVER:   Mozilla/5.0 (Windows NT 10.0; Win64; x64; rv:133.0) Gecko/20100101 Firefox/133.0
  ?[32mDado ?[0m?[32mque el usuario se ha registrado exitosamente?[0m ?[90m# co.com.demoblaze.stepsDefinitions.login.LoginStepsDefinitions.que_el_usuario_se_ha_registrado_exitosamente()?[0m
  ?[32mCuando ?[0m?[32mse dirige al home?[0m                          ?[90m# co.com.demoblaze.stepsDefinitions.login.LoginStepsDefinitions.se_dirige_al_home()?[0m
  ?[32mY ?[0m?[32mrealiza el inicio de sesion correctamente?[0m       ?[90m# co.com.demoblaze.stepsDefinitions.login.LoginStepsDefinitions.realiza_el_inicio_de_sesion_correctamente()?[0m
  ?[32mEntonces ?[0m?[32mse debe mostrar el titulo ?[0m?[32m?[1mLog out?[0m        ?[90m# co.com.demoblaze.stepsDefinitions.login.LoginStepsDefinitions.se_debe_mostrar_el_titulo_welcome(java.lang.String)?[0m
]]></system-out>
  <system-err><![CDATA[[Test worker] INFO  - 
  _____   ___   ___   _____     ___   _____     _     ___   _____   ___   ___  
 |_   _| | __| / __| |_   _|   / __| |_   _|   /_\   | _ \ |_   _| | __| |   \ 
   | |   | _|  \__ \   | |     \__ \   | |    / _ \  |   /   | |   | _|  | |) |
   |_|   |___| |___/   |_|     |___/   |_|   /_/ \_\ |_|_\   |_|   |___| |___/ 

Registro Exitoso(login-en-la-tienda-viertual-demoblaze;registro-exitoso)
--------------------------------------------------------------------------------
[Test worker] INFO  - ?[92m
  _____   ___   ___   _____     ___     _     ___   ___   ___   ___  
 |_   _| | __| / __| |_   _|   | _ \   /_\   / __| / __| | __| |   \ 
   | |   | _|  \__ \   | |     |  _/  / _ \  \__ \ \__ \ | _|  | |) |
   |_|   |___| |___/   |_|     |_|   /_/ \_\ |___/ |___/ |___| |___/ 

Registro Exitoso
----------------------------------------------------------------------?[0m
]]></system-err>
</testsuite>
